[2026-04-03 17:25:33,586] 1025 httpx - INFO - HTTP Request: GET https://dagshub.com/api/v1/user "HTTP/1.1 200 OK"
[2026-04-03 17:25:33,591] 107 dagshub - INFO - Accessing as Mehta-Kartik
[2026-04-03 17:25:34,633] 1025 httpx - INFO - HTTP Request: GET https://dagshub.com/api/v1/repos/Mehta-Kartik/networksecurities "HTTP/1.1 200 OK"
[2026-04-03 17:25:35,468] 1025 httpx - INFO - HTTP Request: GET https://dagshub.com/api/v1/user "HTTP/1.1 200 OK"
[2026-04-03 17:25:35,473] 107 dagshub - INFO - Initialized MLflow to track repo "Mehta-Kartik/networksecurities"
[2026-04-03 17:25:35,473] 107 dagshub - INFO - Repository Mehta-Kartik/networksecurities initialized!
[2026-04-03 17:25:35,473] 17 networksecurity.logging - INFO - Entered the DataIngestionStage
[2026-04-03 17:25:42,374] 65 networksecurity.logging - INFO - Performed train test split on the dataframe
[2026-04-03 17:25:42,374] 66 networksecurity.logging - INFO - Exited split_data_as_train_test method of Data_Ingestion class
[2026-04-03 17:25:42,374] 73 networksecurity.logging - INFO - Exporting train and test file path
[2026-04-03 17:25:42,718] 83 networksecurity.logging - INFO - Exporting train and test file path
[2026-04-03 17:25:42,718] 19 networksecurity.logging - INFO - Data Ingestion Completed now turn for Data Validation
[2026-04-03 17:25:42,728] 25 networksecurity.logging - INFO - Data Validation initialized
[2026-04-03 17:25:42,758] 32 networksecurity.logging - INFO - Require number of columns=31
[2026-04-03 17:25:42,758] 33 networksecurity.logging - INFO - DataFrames columns number 31
[2026-04-03 17:25:42,758] 32 networksecurity.logging - INFO - Require number of columns=31
[2026-04-03 17:25:42,758] 33 networksecurity.logging - INFO - DataFrames columns number 31
[2026-04-03 17:25:43,257] 27 networksecurity.logging - INFO - Data Validation Completed
[2026-04-03 17:25:43,262] 36 networksecurity.logging - INFO - Data Transformation Initiated
[2026-04-03 17:25:43,262] 57 networksecurity.logging - INFO - Enter initiate_data_transformation method of DataTransformation class
[2026-04-03 17:25:43,262] 59 networksecurity.logging - INFO - Started Data Transformation
[2026-04-03 17:25:43,340] 45 networksecurity.logging - INFO - Entered get_data_transformer_object class
[2026-04-03 17:25:43,340] 50 networksecurity.logging - INFO - Initialise KNN Imputer with{'missing_values': nan, 'n_neighbors': 3, 'weights': 'uniform'} params
[2026-04-03 17:25:43,369] 49 networksecurity.logging - INFO - Entered the save_object method of mainutils class
[2026-04-03 17:25:43,391] 55 networksecurity.logging - INFO - Exited the save_object method of MainUtils class
[2026-04-03 17:25:43,392] 49 networksecurity.logging - INFO - Entered the save_object method of mainutils class
[2026-04-03 17:25:43,402] 55 networksecurity.logging - INFO - Exited the save_object method of MainUtils class
[2026-04-03 17:25:43,407] 38 networksecurity.logging - INFO - Data Transformation Completed
[2026-04-03 17:25:43,407] 43 networksecurity.logging - INFO - Model Training Started
[2026-04-03 17:30:58,717] 868 urllib3.connectionpool - WARNING - Retrying (Retry(total=6, connect=6, read=7, redirect=7, status=7)) after connection broken by 'NameResolutionError("HTTPSConnection(host='dagshub.com', port=443): Failed to resolve 'dagshub.com' ([Errno 11001] getaddrinfo failed)")': /Mehta-Kartik/networksecurities.mlflow/api/2.0/mlflow/runs/create
[2026-04-03 17:31:03,344] 868 urllib3.connectionpool - WARNING - Retrying (Retry(total=5, connect=5, read=7, redirect=7, status=7)) after connection broken by 'NameResolutionError("HTTPSConnection(host='dagshub.com', port=443): Failed to resolve 'dagshub.com' ([Errno 11001] getaddrinfo failed)")': /Mehta-Kartik/networksecurities.mlflow/api/2.0/mlflow/runs/create
[2026-04-03 17:31:12,037] 868 urllib3.connectionpool - WARNING - Retrying (Retry(total=4, connect=4, read=7, redirect=7, status=7)) after connection broken by 'NameResolutionError("HTTPSConnection(host='dagshub.com', port=443): Failed to resolve 'dagshub.com' ([Errno 11001] getaddrinfo failed)")': /Mehta-Kartik/networksecurities.mlflow/api/2.0/mlflow/runs/create
[2026-04-03 17:31:28,993] 868 urllib3.connectionpool - WARNING - Retrying (Retry(total=3, connect=3, read=7, redirect=7, status=7)) after connection broken by 'NameResolutionError("HTTPSConnection(host='dagshub.com', port=443): Failed to resolve 'dagshub.com' ([Errno 11001] getaddrinfo failed)")': /Mehta-Kartik/networksecurities.mlflow/api/2.0/mlflow/runs/create
[2026-04-03 17:32:01,649] 868 urllib3.connectionpool - WARNING - Retrying (Retry(total=2, connect=2, read=7, redirect=7, status=7)) after connection broken by 'NameResolutionError("HTTPSConnection(host='dagshub.com', port=443): Failed to resolve 'dagshub.com' ([Errno 11001] getaddrinfo failed)")': /Mehta-Kartik/networksecurities.mlflow/api/2.0/mlflow/runs/create
