[2026-04-03 18:25:22,040] 1025 httpx - INFO - HTTP Request: GET https://dagshub.com/api/v1/user "HTTP/1.1 200 OK"
[2026-04-03 18:25:22,054] 107 dagshub - INFO - Accessing as Mehta-Kartik
[2026-04-03 18:25:22,977] 1025 httpx - INFO - HTTP Request: GET https://dagshub.com/api/v1/repos/Mehta-Kartik/networksecurities "HTTP/1.1 200 OK"
[2026-04-03 18:25:23,916] 1025 httpx - INFO - HTTP Request: GET https://dagshub.com/api/v1/user "HTTP/1.1 200 OK"
[2026-04-03 18:25:23,920] 107 dagshub - INFO - Initialized MLflow to track repo "Mehta-Kartik/networksecurities"
[2026-04-03 18:25:23,922] 107 dagshub - INFO - Repository Mehta-Kartik/networksecurities initialized!
[2026-04-03 18:25:23,925] 20 networksecurity.logging - INFO - Entered the DataIngestionStage
[2026-04-03 18:25:27,543] 65 networksecurity.logging - INFO - Performed train test split on the dataframe
[2026-04-03 18:25:27,543] 66 networksecurity.logging - INFO - Exited split_data_as_train_test method of Data_Ingestion class
[2026-04-03 18:25:27,543] 73 networksecurity.logging - INFO - Exporting train and test file path
[2026-04-03 18:25:28,049] 83 networksecurity.logging - INFO - Exporting train and test file path
[2026-04-03 18:25:28,049] 22 networksecurity.logging - INFO - Data Ingestion Completed now turn for Data Validation
[2026-04-03 18:25:28,070] 28 networksecurity.logging - INFO - Data Validation initialized
[2026-04-03 18:25:28,164] 32 networksecurity.logging - INFO - Require number of columns=31
[2026-04-03 18:25:28,166] 33 networksecurity.logging - INFO - DataFrames columns number 31
[2026-04-03 18:25:28,169] 32 networksecurity.logging - INFO - Require number of columns=31
[2026-04-03 18:25:28,171] 33 networksecurity.logging - INFO - DataFrames columns number 31
[2026-04-03 18:25:28,912] 30 networksecurity.logging - INFO - Data Validation Completed
[2026-04-03 18:25:28,912] 39 networksecurity.logging - INFO - Data Transformation Initiated
[2026-04-03 18:25:28,912] 57 networksecurity.logging - INFO - Enter initiate_data_transformation method of DataTransformation class
[2026-04-03 18:25:28,912] 59 networksecurity.logging - INFO - Started Data Transformation
[2026-04-03 18:25:28,954] 45 networksecurity.logging - INFO - Entered get_data_transformer_object class
[2026-04-03 18:25:28,955] 50 networksecurity.logging - INFO - Initialise KNN Imputer with{'missing_values': nan, 'n_neighbors': 3, 'weights': 'uniform'} params
[2026-04-03 18:25:28,985] 49 networksecurity.logging - INFO - Entered the save_object method of mainutils class
[2026-04-03 18:25:28,998] 55 networksecurity.logging - INFO - Exited the save_object method of MainUtils class
[2026-04-03 18:25:28,998] 49 networksecurity.logging - INFO - Entered the save_object method of mainutils class
[2026-04-03 18:25:29,009] 55 networksecurity.logging - INFO - Exited the save_object method of MainUtils class
[2026-04-03 18:25:29,012] 41 networksecurity.logging - INFO - Data Transformation Completed
[2026-04-03 18:25:29,012] 46 networksecurity.logging - INFO - Model Training Started
[2026-04-03 18:29:04,203] 49 networksecurity.logging - INFO - Entered the save_object method of mainutils class
[2026-04-03 18:29:04,224] 55 networksecurity.logging - INFO - Exited the save_object method of MainUtils class
[2026-04-03 18:29:04,224] 49 networksecurity.logging - INFO - Entered the save_object method of mainutils class
[2026-04-03 18:29:04,235] 55 networksecurity.logging - INFO - Exited the save_object method of MainUtils class
[2026-04-03 18:29:04,235] 118 networksecurity.logging - INFO - Model trainer artifact ModelTrainerArtifact(trained_model_file_path='Artifacts\\04_03_2026_18_25_06\\model_trainer\\trained_model', trained_metric_artifact=ClassificationMetricArtifact(f1_score=0.9916507393622372, precision_score=0.9875776397515528, recall_score=0.9957575757575757), test_metric_artifact=ClassificationMetricArtifact(f1_score=0.9916507393622372, precision_score=0.9875776397515528, recall_score=0.9957575757575757))
[2026-04-03 18:29:04,237] 50 networksecurity.logging - INFO - Model Training completed
