[2026-04-03 17:11:16,348] 1025 httpx - INFO - HTTP Request: POST https://dagshub.com/login/oauth/middleman "HTTP/1.1 200 OK"
[2026-04-03 17:11:17,219] 1025 httpx - INFO - HTTP Request: POST https://dagshub.com/login/oauth/access_token "HTTP/1.1 200 OK"
[2026-04-03 17:11:18,097] 1025 httpx - INFO - HTTP Request: GET https://dagshub.com/api/v1/user "HTTP/1.1 200 OK"
[2026-04-03 17:11:18,110] 107 dagshub - INFO - Accessing as Mehta-Kartik
[2026-04-03 17:11:19,656] 1025 httpx - INFO - HTTP Request: GET https://dagshub.com/api/v1/repos/Mehta-Kartik/networksecurities "HTTP/1.1 200 OK"
[2026-04-03 17:11:20,040] 1025 httpx - INFO - HTTP Request: GET https://dagshub.com/api/v1/user "HTTP/1.1 200 OK"
[2026-04-03 17:11:20,048] 107 dagshub - INFO - Initialized MLflow to track repo "Mehta-Kartik/networksecurities"
[2026-04-03 17:11:20,050] 107 dagshub - INFO - Repository Mehta-Kartik/networksecurities initialized!
[2026-04-03 17:11:20,052] 17 networksecurity.logging - INFO - Entered the DataIngestionStage
[2026-04-03 17:11:23,513] 65 networksecurity.logging - INFO - Performed train test split on the dataframe
[2026-04-03 17:11:23,513] 66 networksecurity.logging - INFO - Exited split_data_as_train_test method of Data_Ingestion class
[2026-04-03 17:11:23,513] 73 networksecurity.logging - INFO - Exporting train and test file path
[2026-04-03 17:11:23,943] 83 networksecurity.logging - INFO - Exporting train and test file path
[2026-04-03 17:11:23,943] 19 networksecurity.logging - INFO - Data Ingestion Completed now turn for Data Validation
[2026-04-03 17:11:23,989] 25 networksecurity.logging - INFO - Data Validation initialized
[2026-04-03 17:11:24,043] 32 networksecurity.logging - INFO - Require number of columns=31
[2026-04-03 17:11:24,044] 33 networksecurity.logging - INFO - DataFrames columns number 31
[2026-04-03 17:11:24,044] 32 networksecurity.logging - INFO - Require number of columns=31
[2026-04-03 17:11:24,045] 33 networksecurity.logging - INFO - DataFrames columns number 31
[2026-04-03 17:11:24,766] 27 networksecurity.logging - INFO - Data Validation Completed
[2026-04-03 17:11:24,766] 36 networksecurity.logging - INFO - Data Transformation Initiated
[2026-04-03 17:11:24,766] 57 networksecurity.logging - INFO - Enter initiate_data_transformation method of DataTransformation class
[2026-04-03 17:11:24,766] 59 networksecurity.logging - INFO - Started Data Transformation
[2026-04-03 17:11:24,793] 45 networksecurity.logging - INFO - Entered get_data_transformer_object class
[2026-04-03 17:11:24,793] 50 networksecurity.logging - INFO - Initialise KNN Imputer with{'missing_values': nan, 'n_neighbors': 3, 'weights': 'uniform'} params
[2026-04-03 17:11:24,816] 49 networksecurity.logging - INFO - Entered the save_object method of mainutils class
[2026-04-03 17:11:24,832] 55 networksecurity.logging - INFO - Exited the save_object method of MainUtils class
[2026-04-03 17:11:24,833] 38 networksecurity.logging - INFO - Data Transformation Completed
[2026-04-03 17:11:24,834] 43 networksecurity.logging - INFO - Model Training Started
[2026-04-03 17:15:47,959] 868 urllib3.connectionpool - WARNING - Retrying (Retry(total=6, connect=6, read=7, redirect=7, status=7)) after connection broken by 'NewConnectionError("HTTPConnection(host='127.0.0.1', port=5000): Failed to establish a new connection: [WinError 10061] No connection could be made because the target machine actively refused it")': /api/2.0/mlflow/runs/create
[2026-04-03 17:15:54,887] 868 urllib3.connectionpool - WARNING - Retrying (Retry(total=5, connect=5, read=7, redirect=7, status=7)) after connection broken by 'NewConnectionError("HTTPConnection(host='127.0.0.1', port=5000): Failed to establish a new connection: [WinError 10061] No connection could be made because the target machine actively refused it")': /api/2.0/mlflow/runs/create
[2026-04-03 17:16:05,341] 868 urllib3.connectionpool - WARNING - Retrying (Retry(total=4, connect=4, read=7, redirect=7, status=7)) after connection broken by 'NewConnectionError("HTTPConnection(host='127.0.0.1', port=5000): Failed to establish a new connection: [WinError 10061] No connection could be made because the target machine actively refused it")': /api/2.0/mlflow/runs/create
[2026-04-03 17:16:24,001] 868 urllib3.connectionpool - WARNING - Retrying (Retry(total=3, connect=3, read=7, redirect=7, status=7)) after connection broken by 'NewConnectionError("HTTPConnection(host='127.0.0.1', port=5000): Failed to establish a new connection: [WinError 10061] No connection could be made because the target machine actively refused it")': /api/2.0/mlflow/runs/create
[2026-04-03 17:16:58,686] 868 urllib3.connectionpool - WARNING - Retrying (Retry(total=2, connect=2, read=7, redirect=7, status=7)) after connection broken by 'NewConnectionError("HTTPConnection(host='127.0.0.1', port=5000): Failed to establish a new connection: [WinError 10061] No connection could be made because the target machine actively refused it")': /api/2.0/mlflow/runs/create
