[2026-04-03 17:18:18,419] 1025 httpx - INFO - HTTP Request: GET https://dagshub.com/api/v1/user "HTTP/1.1 200 OK"
[2026-04-03 17:18:18,453] 107 dagshub - INFO - Accessing as Mehta-Kartik
[2026-04-03 17:18:19,636] 1025 httpx - INFO - HTTP Request: GET https://dagshub.com/api/v1/repos/Mehta-Kartik/networksecurities "HTTP/1.1 200 OK"
[2026-04-03 17:18:20,252] 1025 httpx - INFO - HTTP Request: GET https://dagshub.com/api/v1/user "HTTP/1.1 200 OK"
[2026-04-03 17:18:20,263] 107 dagshub - INFO - Initialized MLflow to track repo "Mehta-Kartik/networksecurities"
[2026-04-03 17:18:20,269] 107 dagshub - INFO - Repository Mehta-Kartik/networksecurities initialized!
[2026-04-03 17:18:20,271] 17 networksecurity.logging - INFO - Entered the DataIngestionStage
[2026-04-03 17:18:26,185] 65 networksecurity.logging - INFO - Performed train test split on the dataframe
[2026-04-03 17:18:26,187] 66 networksecurity.logging - INFO - Exited split_data_as_train_test method of Data_Ingestion class
[2026-04-03 17:18:26,191] 73 networksecurity.logging - INFO - Exporting train and test file path
[2026-04-03 17:18:27,722] 83 networksecurity.logging - INFO - Exporting train and test file path
[2026-04-03 17:18:27,724] 19 networksecurity.logging - INFO - Data Ingestion Completed now turn for Data Validation
[2026-04-03 17:18:27,777] 25 networksecurity.logging - INFO - Data Validation initialized
[2026-04-03 17:18:27,935] 32 networksecurity.logging - INFO - Require number of columns=31
[2026-04-03 17:18:27,935] 33 networksecurity.logging - INFO - DataFrames columns number 31
[2026-04-03 17:18:27,936] 32 networksecurity.logging - INFO - Require number of columns=31
[2026-04-03 17:18:27,936] 33 networksecurity.logging - INFO - DataFrames columns number 31
[2026-04-03 17:18:29,963] 27 networksecurity.logging - INFO - Data Validation Completed
[2026-04-03 17:18:29,965] 36 networksecurity.logging - INFO - Data Transformation Initiated
[2026-04-03 17:18:29,965] 57 networksecurity.logging - INFO - Enter initiate_data_transformation method of DataTransformation class
[2026-04-03 17:18:29,966] 59 networksecurity.logging - INFO - Started Data Transformation
[2026-04-03 17:18:30,045] 45 networksecurity.logging - INFO - Entered get_data_transformer_object class
[2026-04-03 17:18:30,045] 50 networksecurity.logging - INFO - Initialise KNN Imputer with{'missing_values': nan, 'n_neighbors': 3, 'weights': 'uniform'} params
[2026-04-03 17:18:30,105] 49 networksecurity.logging - INFO - Entered the save_object method of mainutils class
[2026-04-03 17:18:31,778] 55 networksecurity.logging - INFO - Exited the save_object method of MainUtils class
[2026-04-03 17:18:31,780] 38 networksecurity.logging - INFO - Data Transformation Completed
[2026-04-03 17:18:31,781] 43 networksecurity.logging - INFO - Model Training Started
[2026-04-03 17:22:19,308] 868 urllib3.connectionpool - WARNING - Retrying (Retry(total=6, connect=7, read=6, redirect=7, status=7)) after connection broken by 'ConnectionResetError(10054, 'An existing connection was forcibly closed by the remote host')': /Mehta-Kartik/networksecurities.mlflow/api/2.0/mlflow-artifacts/artifacts/e999582d6eb9433a9a4b0ee21f8c2e8d/models/m-cdbc47818748461d9c70427ba28505c4/artifacts/model.pkl
[2026-04-03 17:22:42,402] 49 networksecurity.logging - INFO - Entered the save_object method of mainutils class
[2026-04-03 17:22:42,441] 55 networksecurity.logging - INFO - Exited the save_object method of MainUtils class
[2026-04-03 17:22:42,443] 115 networksecurity.logging - INFO - Model trainer artifact ModelTrainerArtifact(trained_model_file_path='Artifacts\\04_03_2026_17_18_06\\model_trainer\\trained_model', trained_metric_artifact=ClassificationMetricArtifact(f1_score=0.9915262889229198, precision_score=0.988599348534202, recall_score=0.9944706123284865), test_metric_artifact=ClassificationMetricArtifact(f1_score=0.9915262889229198, precision_score=0.988599348534202, recall_score=0.9944706123284865))
[2026-04-03 17:22:42,447] 47 networksecurity.logging - INFO - Model Training completed
