[2026-04-04 11:08:04,580] 1025 httpx - INFO - HTTP Request: GET https://dagshub.com/api/v1/user "HTTP/1.1 200 OK"
[2026-04-04 11:08:04,585] 107 dagshub - INFO - Accessing as Mehta-Kartik
[2026-04-04 11:08:05,438] 1025 httpx - INFO - HTTP Request: GET https://dagshub.com/api/v1/repos/Mehta-Kartik/networksecurities "HTTP/1.1 200 OK"
[2026-04-04 11:08:06,241] 1025 httpx - INFO - HTTP Request: GET https://dagshub.com/api/v1/user "HTTP/1.1 200 OK"
[2026-04-04 11:08:06,247] 107 dagshub - INFO - Initialized MLflow to track repo "Mehta-Kartik/networksecurities"
[2026-04-04 11:08:06,247] 107 dagshub - INFO - Repository Mehta-Kartik/networksecurities initialized!
[2026-04-04 11:08:25,414] 38 networksecurity.logging - INFO - Started Data Ingestion step
[2026-04-04 11:08:29,451] 65 networksecurity.logging - INFO - Performed train test split on the dataframe
[2026-04-04 11:08:29,452] 66 networksecurity.logging - INFO - Exited split_data_as_train_test method of Data_Ingestion class
[2026-04-04 11:08:29,454] 73 networksecurity.logging - INFO - Exporting train and test file path
[2026-04-04 11:08:29,906] 83 networksecurity.logging - INFO - Exporting train and test file path
[2026-04-04 11:08:29,907] 41 networksecurity.logging - INFO - Data Ingestion completed
[2026-04-04 11:08:29,915] 50 networksecurity.logging - INFO - Initiated the data validation
[2026-04-04 11:08:29,946] 32 networksecurity.logging - INFO - Require number of columns=31
[2026-04-04 11:08:29,947] 33 networksecurity.logging - INFO - DataFrames columns number 31
[2026-04-04 11:08:29,947] 32 networksecurity.logging - INFO - Require number of columns=31
[2026-04-04 11:08:29,947] 33 networksecurity.logging - INFO - DataFrames columns number 31
[2026-04-04 11:08:30,548] 63 networksecurity.logging - INFO - Data Transformation Initiated
[2026-04-04 11:08:30,548] 57 networksecurity.logging - INFO - Enter initiate_data_transformation method of DataTransformation class
[2026-04-04 11:08:30,548] 59 networksecurity.logging - INFO - Started Data Transformation
[2026-04-04 11:08:30,588] 45 networksecurity.logging - INFO - Entered get_data_transformer_object class
[2026-04-04 11:08:30,589] 50 networksecurity.logging - INFO - Initialise KNN Imputer with{'missing_values': nan, 'n_neighbors': 3, 'weights': 'uniform'} params
[2026-04-04 11:08:30,614] 49 networksecurity.logging - INFO - Entered the save_object method of mainutils class
[2026-04-04 11:08:30,624] 55 networksecurity.logging - INFO - Exited the save_object method of MainUtils class
[2026-04-04 11:08:30,624] 49 networksecurity.logging - INFO - Entered the save_object method of mainutils class
[2026-04-04 11:08:30,632] 55 networksecurity.logging - INFO - Exited the save_object method of MainUtils class
[2026-04-04 11:08:30,634] 65 networksecurity.logging - INFO - Data Transformation Completed
[2026-04-04 11:11:37,957] 49 networksecurity.logging - INFO - Entered the save_object method of mainutils class
[2026-04-04 11:11:37,990] 55 networksecurity.logging - INFO - Exited the save_object method of MainUtils class
[2026-04-04 11:11:37,990] 49 networksecurity.logging - INFO - Entered the save_object method of mainutils class
[2026-04-04 11:11:38,006] 55 networksecurity.logging - INFO - Exited the save_object method of MainUtils class
[2026-04-04 11:11:38,007] 118 networksecurity.logging - INFO - Model trainer artifact ModelTrainerArtifact(trained_model_file_path='Artifacts\\04_04_2026_11_07_57\\model_trainer\\trained_model', trained_metric_artifact=ClassificationMetricArtifact(f1_score=0.9907351460221551, precision_score=0.9877510040160643, recall_score=0.9937373737373737), test_metric_artifact=ClassificationMetricArtifact(f1_score=0.9907351460221551, precision_score=0.9877510040160643, recall_score=0.9937373737373737))
