[2026-04-03 18:46:15,062] 1025 httpx - INFO - HTTP Request: GET https://dagshub.com/api/v1/user "HTTP/1.1 200 OK"
[2026-04-03 18:46:15,079] 107 dagshub - INFO - Accessing as Mehta-Kartik
[2026-04-03 18:46:16,091] 1025 httpx - INFO - HTTP Request: GET https://dagshub.com/api/v1/repos/Mehta-Kartik/networksecurities "HTTP/1.1 200 OK"
[2026-04-03 18:46:17,008] 1025 httpx - INFO - HTTP Request: GET https://dagshub.com/api/v1/user "HTTP/1.1 200 OK"
[2026-04-03 18:46:17,010] 107 dagshub - INFO - Initialized MLflow to track repo "Mehta-Kartik/networksecurities"
[2026-04-03 18:46:17,011] 107 dagshub - INFO - Repository Mehta-Kartik/networksecurities initialized!
[2026-04-03 18:46:55,406] 35 networksecurity.logging - INFO - Started Data Ingestion step
[2026-04-03 18:46:58,447] 65 networksecurity.logging - INFO - Performed train test split on the dataframe
[2026-04-03 18:46:58,451] 66 networksecurity.logging - INFO - Exited split_data_as_train_test method of Data_Ingestion class
[2026-04-03 18:46:58,456] 73 networksecurity.logging - INFO - Exporting train and test file path
[2026-04-03 18:46:58,840] 83 networksecurity.logging - INFO - Exporting train and test file path
[2026-04-03 18:46:58,840] 38 networksecurity.logging - INFO - Data Ingestion completed
[2026-04-03 18:46:58,858] 47 networksecurity.logging - INFO - Initiated the data validation
[2026-04-03 18:46:58,902] 32 networksecurity.logging - INFO - Require number of columns=31
[2026-04-03 18:46:58,902] 33 networksecurity.logging - INFO - DataFrames columns number 31
[2026-04-03 18:46:58,902] 32 networksecurity.logging - INFO - Require number of columns=31
[2026-04-03 18:46:58,902] 33 networksecurity.logging - INFO - DataFrames columns number 31
[2026-04-03 18:46:59,601] 60 networksecurity.logging - INFO - Data Transformation Initiated
[2026-04-03 18:46:59,601] 57 networksecurity.logging - INFO - Enter initiate_data_transformation method of DataTransformation class
[2026-04-03 18:46:59,601] 59 networksecurity.logging - INFO - Started Data Transformation
[2026-04-03 18:46:59,639] 45 networksecurity.logging - INFO - Entered get_data_transformer_object class
[2026-04-03 18:46:59,639] 50 networksecurity.logging - INFO - Initialise KNN Imputer with{'missing_values': nan, 'n_neighbors': 3, 'weights': 'uniform'} params
[2026-04-03 18:46:59,670] 49 networksecurity.logging - INFO - Entered the save_object method of mainutils class
[2026-04-03 18:46:59,675] 55 networksecurity.logging - INFO - Exited the save_object method of MainUtils class
[2026-04-03 18:46:59,675] 49 networksecurity.logging - INFO - Entered the save_object method of mainutils class
[2026-04-03 18:46:59,684] 55 networksecurity.logging - INFO - Exited the save_object method of MainUtils class
[2026-04-03 18:46:59,688] 62 networksecurity.logging - INFO - Data Transformation Completed
[2026-04-03 18:50:44,492] 49 networksecurity.logging - INFO - Entered the save_object method of mainutils class
[2026-04-03 18:50:44,507] 55 networksecurity.logging - INFO - Exited the save_object method of MainUtils class
[2026-04-03 18:50:44,507] 49 networksecurity.logging - INFO - Entered the save_object method of mainutils class
[2026-04-03 18:50:44,517] 55 networksecurity.logging - INFO - Exited the save_object method of MainUtils class
[2026-04-03 18:50:44,517] 118 networksecurity.logging - INFO - Model trainer artifact ModelTrainerArtifact(trained_model_file_path='Artifacts\\04_03_2026_18_46_06\\model_trainer\\trained_model', trained_metric_artifact=ClassificationMetricArtifact(f1_score=0.9915366574895483, precision_score=0.9908294273486855, recall_score=0.9922448979591837), test_metric_artifact=ClassificationMetricArtifact(f1_score=0.9915366574895483, precision_score=0.9908294273486855, recall_score=0.9922448979591837))
